ComAssistantUSB/app/build/intermediates/manifest_merge_blame_file/debug/manifest-merger-blame-debug-report.txt
1<?xml version="1.0" encoding="utf-8"?>
2<manifest xmlns:android="http://schemas.android.com/apk/res/android"
3    package="com.demo.comassistantusbrs485"
4    android:versionCode="1"
5    android:versionName="3.0" >
6
7    <uses-sdk
8        android:minSdkVersion="28"
8-->src/main/AndroidManifest.xml
9        android:targetSdkVersion="31" />
9-->src/main/AndroidManifest.xml
10
11    <application
11-->src/main/AndroidManifest.xml:8:5-25:19
12        android:debuggable="true"
13        android:extractNativeLibs="false"
14        android:icon="@drawable/ic_launcher"
14-->src/main/AndroidManifest.xml:9:9-45
15        android:label="@string/app_name"
15-->src/main/AndroidManifest.xml:10:9-41
16        android:testOnly="true" >
17        <activity
17-->src/main/AndroidManifest.xml:11:9-24:20
18            android:name="com.bjw.ComAssistant.ComAssistantActivity"
18-->src/main/AndroidManifest.xml:12:13-49
19            android:configChanges="orientation|keyboard"
19-->src/main/AndroidManifest.xml:13:13-57
20            android:exported="true"
20-->src/main/AndroidManifest.xml:17:13-36
21            android:label="@string/app_name"
21-->src/main/AndroidManifest.xml:14:13-45
22            android:launchMode="singleTask"
22-->src/main/AndroidManifest.xml:15:13-44
23            android:screenOrientation="landscape"
23-->src/main/AndroidManifest.xml:16:13-50
24            android:theme="@android:style/Theme.DeviceDefault.NoActionBar.Fullscreen" >
24-->src/main/AndroidManifest.xml:18:13-86
25            <intent-filter>
25-->src/main/AndroidManifest.xml:19:13-23:29
26                <action android:name="android.intent.action.MAIN" />
26-->src/main/AndroidManifest.xml:20:17-69
26-->src/main/AndroidManifest.xml:20:25-66
27
28                <category android:name="android.intent.category.LAUNCHER" />
28-->src/main/AndroidManifest.xml:22:17-77
28-->src/main/AndroidManifest.xml:22:27-74
29            </intent-filter>
30        </activity>
31    </application>
32
33</manifest>